This file contains any messages produced by compilers while
running configure, to aid debugging if configure makes a mistake.

It was created by configure, which was
generated by GNU Autoconf 2.69.  Invocation command line was

  $ ./configure --with-build-version=2021-04-20 12:31:52 (Tue, 20 Apr 2021) - Darwin x86_64 --enable-verbose --with-openldap --enable-category-b --enable-bundled-dictionaries --enable-wiki-publisher --with-jdk-home=/Library/Java/JavaVirtualMachines/jdk1.7.0_80.jdk/Contents/Home --with-ant-home=/usr/local/share/java/apache-ant-1.9 --with-junit=/usr/local/share/java/junit.jar --with-epm=/usr/local/bin/epm --with-dmake-path=/usr/local/bin/dmake --without-stlport --with-package-format=dmg --disable-systray --with-macosx-target=10.7 --with-alloc=internal --with-lang=ast bg ca ca-XR ca-XV cs da de el en-GB en-US es eu fi fr gd gl he hi hu it ja km ko lt nb nl pl pt pt-BR ru sk sl sr sv ta th tr vi zh-CN zh-TW

## --------- ##
## Platform. ##
## --------- ##

hostname = aoo-builder64-macos13.local
uname -m = x86_64
uname -r = 17.7.0
uname -s = Darwin
uname -v = Darwin Kernel Version 17.7.0: Fri Oct 30 13:34:27 PDT 2020; root:xnu-4570.71.82.8~1/RELEASE_X86_64

/usr/bin/uname -p = i386
/bin/uname -X     = unknown

/bin/arch              = unknown
/usr/bin/arch -k       = unknown
/usr/convex/getsysinfo = unknown
/usr/bin/hostinfo      = Mach kernel version:
	 Darwin Kernel Version 17.7.0: Fri Oct 30 13:34:27 PDT 2020; root:xnu-4570.71.82.8~1/RELEASE_X86_64
Kernel configured for up to 10 processors.
10 processors are physically available.
10 processors are logically available.
Processor type: x86_64h (Intel x86-64h Haswell)
Processors active: 0 1 2 3 4 5 6 7 8 9
Primary memory available: 24.00 gigabytes
Default processor set: 265 tasks, 840 threads, 10 processors
Load average: 1.29, Mach factor: 8.70
/bin/machine           = unknown
/usr/bin/oslevel       = unknown
/bin/universe          = unknown

PATH: /Users/jim/bin
PATH: /usr/local/bin
PATH: /usr/bin
PATH: /bin
PATH: /usr/sbin
PATH: /sbin
PATH: /opt/X11/bin
PATH: .


## ----------- ##
## Core tests. ##
## ----------- ##

configure:5151: checking whether configure is up-to-date
configure:5158: result: yes
configure:5185: checking for grep that handles long lines and -e
configure:5243: result: /usr/bin/grep
configure:5248: checking for egrep
configure:5310: result: /usr/bin/grep -E
configure:5319: checking for gawk
configure:5349: result: no
configure:5319: checking for mawk
configure:5349: result: no
configure:5319: checking for nawk
configure:5349: result: no
configure:5319: checking for awk
configure:5335: found /usr/bin/awk
configure:5346: result: awk
configure:5359: checking for awk
configure:5377: found /usr/bin/awk
configure:5389: result: /usr/bin/awk
configure:5405: checking for sed
configure:5423: found /usr/bin/sed
configure:5435: result: /usr/bin/sed
configure:5450: checking for solenv environment
configure:5454: result: default
configure:5481: checking for custom pack.lst
configure:5495: result: no
configure:5535: checking build system type
configure:5549: result: x86_64-apple-darwin17.7.0
configure:5569: checking host system type
configure:5582: result: x86_64-apple-darwin17.7.0
configure:5602: checking target system type
configure:5615: result: x86_64-apple-darwin17.7.0
configure:5918: checking for pkg-config
configure:5936: found /usr/local/bin/pkg-config
configure:5948: result: /usr/local/bin/pkg-config
configure:5973: checking pkg-config is at least version 0.9.0
configure:5976: result: yes
configure:5986: checking whether to enable crashdump feature
configure:5995: result: no
configure:6034: checking whether to turn warnings to errors
configure:6047: result: no
configure:6052: checking whether to do a debug build
configure:6063: result: no
configure:6068: checking whether to build with additional debug utilities
configure:6080: result: no, full product build
configure:6087: checking whether to include symbols into final build
configure:6109: result: no
configure:6114: checking whether to strip the solver or not.
configure:6133: result: yes
configure:6150: checking whether to enable category B components
configure:6171: result: yes: allow modules nss, hunspell, hyphen, saxon, rhino, beanshell, graphite, coinmp to be built
configure:6192: checking whether to enable the Online Update support
configure:6197: result: yes
configure:6207: checking whether to enable native CUPS support
configure:6211: result: yes
configure:6220: checking whether to enable fontconfig support
configure:6228: result: no
configure:6289: checking whether to use RPATH in shared libraries
configure:6296: result: yes
configure:6317: checking whether to use dicts from external paths
configure:6351: result: no
configure:6400: checking for bash
configure:6418: found /usr/local/bin/bash
configure:6430: result: /usr/local/bin/bash
configure:6445: checking gcc home
configure:6452: result: /usr
configure:6514: checking for gcc
configure:6541: result: /Applications/Xcode7.app/Contents/Developer/Toolchains/XcodeDefault.xctoolchain/usr/bin/clang -arch x86_64
configure:6770: checking for C compiler version
configure:6779: /Applications/Xcode7.app/Contents/Developer/Toolchains/XcodeDefault.xctoolchain/usr/bin/clang -arch x86_64 --version >&5
Apple LLVM version 7.3.0 (clang-703.0.31)
Target: x86_64-apple-darwin17.7.0
Thread model: posix
InstalledDir: /Applications/Xcode7.app/Contents/Developer/Toolchains/XcodeDefault.xctoolchain/usr/bin
configure:6790: $? = 0
configure:6779: /Applications/Xcode7.app/Contents/Developer/Toolchains/XcodeDefault.xctoolchain/usr/bin/clang -arch x86_64 -v >&5
Apple LLVM version 7.3.0 (clang-703.0.31)
Target: x86_64-apple-darwin17.7.0
Thread model: posix
InstalledDir: /Applications/Xcode7.app/Contents/Developer/Toolchains/XcodeDefault.xctoolchain/usr/bin
configure:6790: $? = 0
configure:6779: /Applications/Xcode7.app/Contents/Developer/Toolchains/XcodeDefault.xctoolchain/usr/bin/clang -arch x86_64 -V >&5
clang: error: argument to '-V' is missing (expected 1 value)
clang: error: no input files
configure:6790: $? = 1
configure:6779: /Applications/Xcode7.app/Contents/Developer/Toolchains/XcodeDefault.xctoolchain/usr/bin/clang -arch x86_64 -qversion >&5
clang: error: unknown argument: '-qversion'
clang: error: no input files
configure:6790: $? = 1
configure:6810: checking whether the C compiler works
configure:6832: /Applications/Xcode7.app/Contents/Developer/Toolchains/XcodeDefault.xctoolchain/usr/bin/clang -arch x86_64    conftest.c  >&5
configure:6836: $? = 0
configure:6884: result: yes
configure:6887: checking for C compiler default output file name
configure:6889: result: a.out
configure:6895: checking for suffix of executables
configure:6902: /Applications/Xcode7.app/Contents/Developer/Toolchains/XcodeDefault.xctoolchain/usr/bin/clang -arch x86_64 -o conftest    conftest.c  >&5
configure:6906: $? = 0
configure:6928: result: 
configure:6950: checking whether we are cross compiling
configure:6958: /Applications/Xcode7.app/Contents/Developer/Toolchains/XcodeDefault.xctoolchain/usr/bin/clang -arch x86_64 -o conftest    conftest.c  >&5
configure:6962: $? = 0
configure:6969: ./conftest
configure:6973: $? = 0
configure:6988: result: no
configure:6993: checking for suffix of object files
configure:7015: /Applications/Xcode7.app/Contents/Developer/Toolchains/XcodeDefault.xctoolchain/usr/bin/clang -arch x86_64 -c   conftest.c >&5
configure:7019: $? = 0
configure:7040: result: o
configure:7044: checking whether we are using the GNU C compiler
configure:7063: /Applications/Xcode7.app/Contents/Developer/Toolchains/XcodeDefault.xctoolchain/usr/bin/clang -arch x86_64 -c   conftest.c >&5
configure:7063: $? = 0
configure:7072: result: yes
configure:7081: checking whether /Applications/Xcode7.app/Contents/Developer/Toolchains/XcodeDefault.xctoolchain/usr/bin/clang -arch x86_64 accepts -g
configure:7101: /Applications/Xcode7.app/Contents/Developer/Toolchains/XcodeDefault.xctoolchain/usr/bin/clang -arch x86_64 -c -g  conftest.c >&5
configure:7101: $? = 0
configure:7142: result: yes
configure:7159: checking for /Applications/Xcode7.app/Contents/Developer/Toolchains/XcodeDefault.xctoolchain/usr/bin/clang -arch x86_64 option to accept ISO C89
configure:7222: /Applications/Xcode7.app/Contents/Developer/Toolchains/XcodeDefault.xctoolchain/usr/bin/clang -arch x86_64  -c -g -O2  conftest.c >&5
configure:7222: $? = 0
configure:7235: result: none needed
configure:7328: checking the GNU gcc compiler version
configure:7344: result: implicitly using CC=/Applications/Xcode7.app/Contents/Developer/Toolchains/XcodeDefault.xctoolchain/usr/bin/clang -arch x86_64
configure:7364: checking for -Bsymbolic-functions linker support 
configure:7384: /Applications/Xcode7.app/Contents/Developer/Toolchains/XcodeDefault.xctoolchain/usr/bin/clang -arch x86_64 -o conftest -g -O2   -Wl,-Bsymbolic-functions -Wl,--dynamic-list-cpp-new -Wl,--dynamic-list-cpp-typeinfo conftest.c  >&5
ld: unknown option: -Bsymbolic-functions
clang: error: linker command failed with exit code 1 (use -v to see invocation)
configure:7384: $? = 1
configure: failed program was:
| /* confdefs.h */
| #define PACKAGE_NAME ""
| #define PACKAGE_TARNAME ""
| #define PACKAGE_VERSION ""
| #define PACKAGE_STRING ""
| #define PACKAGE_BUGREPORT ""
| #define PACKAGE_URL ""
| /* end confdefs.h.  */
| 
|    #include <stdio.h>
| 
| int
| main ()
| {
| 
|     printf ("hello world\n");
| 
|   ;
|   return 0;
| }
configure:7393: result: not found 
configure:7400: checking whether to enable pch feature
configure:7418: result: no
configure:7423: checking for GNU make
configure:7432: result: make
configure:7438: checking the GNU make version
configure:7443: result: make 4.2.1
3+:
configure:7450: checking for dmake
configure:7506: looking for dmake at /usr/local/bin/dmake
configure:7509: result: using user provided dmake
configure:7532: checking whether the found dmake is the right dmake
configure:7542: result: yes
configure:7544: checking the dmake version
configure:7552: result: OK, >= 4.11
configure:7572: checking for GNU or compatible BSD tar
configure:7581: result: gtar
configure:7657: checking for --hash-style=both linker support 
configure:7676: /Applications/Xcode7.app/Contents/Developer/Toolchains/XcodeDefault.xctoolchain/usr/bin/clang -arch x86_64 -o conftest -g -O2   -Wl,--hash-style=both conftest.c  >&5
ld: unknown option: --hash-style=both
clang: error: linker command failed with exit code 1 (use -v to see invocation)
configure:7676: $? = 1
configure: failed program was:
| /* confdefs.h */
| #define PACKAGE_NAME ""
| #define PACKAGE_TARNAME ""
| #define PACKAGE_VERSION ""
| #define PACKAGE_STRING ""
| #define PACKAGE_BUGREPORT ""
| #define PACKAGE_URL ""
| /* end confdefs.h.  */
| 
|    #include <stdio.h>
| 
| int
| main ()
| {
| 
|     printf ("hello world\n");
| 
|   ;
|   return 0;
| }
configure:7687: result: not found 
configure:7760: checking for perl
configure:7778: found /Users/jim/bin/perl
configure:7790: result: /Users/jim/bin/perl
configure:7811: checking the Perl version
configure:7818: result: checked (perl 5)
configure:7825: checking for required Perl modules
configure:7828: result: all modules found
configure:8255: checking how to run the C preprocessor
configure:8286: /Applications/Xcode7.app/Contents/Developer/Toolchains/XcodeDefault.xctoolchain/usr/bin/clang -arch x86_64 -E  conftest.c
configure:8286: $? = 0
configure:8300: /Applications/Xcode7.app/Contents/Developer/Toolchains/XcodeDefault.xctoolchain/usr/bin/clang -arch x86_64 -E  conftest.c
conftest.c:9:10: fatal error: 'ac_nonexistent.h' file not found
#include <ac_nonexistent.h>
         ^
1 error generated.
configure:8300: $? = 1
configure: failed program was:
| /* confdefs.h */
| #define PACKAGE_NAME ""
| #define PACKAGE_TARNAME ""
| #define PACKAGE_VERSION ""
| #define PACKAGE_STRING ""
| #define PACKAGE_BUGREPORT ""
| #define PACKAGE_URL ""
| /* end confdefs.h.  */
| #include <ac_nonexistent.h>
configure:8325: result: /Applications/Xcode7.app/Contents/Developer/Toolchains/XcodeDefault.xctoolchain/usr/bin/clang -arch x86_64 -E
configure:8345: /Applications/Xcode7.app/Contents/Developer/Toolchains/XcodeDefault.xctoolchain/usr/bin/clang -arch x86_64 -E  conftest.c
configure:8345: $? = 0
configure:8359: /Applications/Xcode7.app/Contents/Developer/Toolchains/XcodeDefault.xctoolchain/usr/bin/clang -arch x86_64 -E  conftest.c
conftest.c:9:10: fatal error: 'ac_nonexistent.h' file not found
#include <ac_nonexistent.h>
         ^
1 error generated.
configure:8359: $? = 1
configure: failed program was:
| /* confdefs.h */
| #define PACKAGE_NAME ""
| #define PACKAGE_TARNAME ""
| #define PACKAGE_VERSION ""
| #define PACKAGE_STRING ""
| #define PACKAGE_BUGREPORT ""
| #define PACKAGE_URL ""
| /* end confdefs.h.  */
| #include <ac_nonexistent.h>
configure:8388: checking for ANSI C header files
configure:8408: /Applications/Xcode7.app/Contents/Developer/Toolchains/XcodeDefault.xctoolchain/usr/bin/clang -arch x86_64 -c -g -O2  conftest.c >&5
configure:8408: $? = 0
configure:8481: /Applications/Xcode7.app/Contents/Developer/Toolchains/XcodeDefault.xctoolchain/usr/bin/clang -arch x86_64 -o conftest -g -O2   conftest.c  >&5
configure:8481: $? = 0
configure:8481: ./conftest
configure:8481: $? = 0
configure:8492: result: yes
configure:8615: checking for C++ compiler version
configure:8624: /Applications/Xcode7.app/Contents/Developer/Toolchains/XcodeDefault.xctoolchain/usr/bin/clang++ -arch x86_64 -std=c++11 --version >&5
Apple LLVM version 7.3.0 (clang-703.0.31)
Target: x86_64-apple-darwin17.7.0
Thread model: posix
InstalledDir: /Applications/Xcode7.app/Contents/Developer/Toolchains/XcodeDefault.xctoolchain/usr/bin
configure:8635: $? = 0
configure:8624: /Applications/Xcode7.app/Contents/Developer/Toolchains/XcodeDefault.xctoolchain/usr/bin/clang++ -arch x86_64 -std=c++11 -v >&5
Apple LLVM version 7.3.0 (clang-703.0.31)
Target: x86_64-apple-darwin17.7.0
Thread model: posix
InstalledDir: /Applications/Xcode7.app/Contents/Developer/Toolchains/XcodeDefault.xctoolchain/usr/bin
clang: warning: argument unused during compilation: '-std=c++11'
configure:8635: $? = 0
configure:8624: /Applications/Xcode7.app/Contents/Developer/Toolchains/XcodeDefault.xctoolchain/usr/bin/clang++ -arch x86_64 -std=c++11 -V >&5
clang: error: argument to '-V' is missing (expected 1 value)
clang: error: no input files
configure:8635: $? = 1
configure:8624: /Applications/Xcode7.app/Contents/Developer/Toolchains/XcodeDefault.xctoolchain/usr/bin/clang++ -arch x86_64 -std=c++11 -qversion >&5
clang: error: unknown argument: '-qversion'
clang: error: no input files
configure:8635: $? = 1
configure:8639: checking whether we are using the GNU C++ compiler
configure:8658: /Applications/Xcode7.app/Contents/Developer/Toolchains/XcodeDefault.xctoolchain/usr/bin/clang++ -arch x86_64 -std=c++11 -c   conftest.cpp >&5
configure:8658: $? = 0
configure:8667: result: yes
configure:8676: checking whether /Applications/Xcode7.app/Contents/Developer/Toolchains/XcodeDefault.xctoolchain/usr/bin/clang++ -arch x86_64 -std=c++11 accepts -g
configure:8696: /Applications/Xcode7.app/Contents/Developer/Toolchains/XcodeDefault.xctoolchain/usr/bin/clang++ -arch x86_64 -std=c++11 -c -g  conftest.cpp >&5
configure:8696: $? = 0
configure:8737: result: yes
configure:8765: checking how to run the C++ preprocessor
configure:8792: /Applications/Xcode7.app/Contents/Developer/Toolchains/XcodeDefault.xctoolchain/usr/bin/clang++ -arch x86_64 -std=c++11 -E  conftest.cpp
configure:8792: $? = 0
configure:8806: /Applications/Xcode7.app/Contents/Developer/Toolchains/XcodeDefault.xctoolchain/usr/bin/clang++ -arch x86_64 -std=c++11 -E  conftest.cpp
conftest.cpp:10:10: fatal error: 'ac_nonexistent.h' file not found
#include <ac_nonexistent.h>
         ^
1 error generated.
configure:8806: $? = 1
configure: failed program was:
| /* confdefs.h */
| #define PACKAGE_NAME ""
| #define PACKAGE_TARNAME ""
| #define PACKAGE_VERSION ""
| #define PACKAGE_STRING ""
| #define PACKAGE_BUGREPORT ""
| #define PACKAGE_URL ""
| #define STDC_HEADERS 1
| /* end confdefs.h.  */
| #include <ac_nonexistent.h>
configure:8831: result: /Applications/Xcode7.app/Contents/Developer/Toolchains/XcodeDefault.xctoolchain/usr/bin/clang++ -arch x86_64 -std=c++11 -E
configure:8851: /Applications/Xcode7.app/Contents/Developer/Toolchains/XcodeDefault.xctoolchain/usr/bin/clang++ -arch x86_64 -std=c++11 -E  conftest.cpp
configure:8851: $? = 0
configure:8865: /Applications/Xcode7.app/Contents/Developer/Toolchains/XcodeDefault.xctoolchain/usr/bin/clang++ -arch x86_64 -std=c++11 -E  conftest.cpp
conftest.cpp:10:10: fatal error: 'ac_nonexistent.h' file not found
#include <ac_nonexistent.h>
         ^
1 error generated.
configure:8865: $? = 1
configure: failed program was:
| /* confdefs.h */
| #define PACKAGE_NAME ""
| #define PACKAGE_TARNAME ""
| #define PACKAGE_VERSION ""
| #define PACKAGE_STRING ""
| #define PACKAGE_BUGREPORT ""
| #define PACKAGE_URL ""
| #define STDC_HEADERS 1
| /* end confdefs.h.  */
| #include <ac_nonexistent.h>
configure:8902: checking how to run the C preprocessor
configure:8972: result: /Applications/Xcode7.app/Contents/Developer/Toolchains/XcodeDefault.xctoolchain/usr/bin/clang -arch x86_64 -E
configure:8992: /Applications/Xcode7.app/Contents/Developer/Toolchains/XcodeDefault.xctoolchain/usr/bin/clang -arch x86_64 -E  conftest.c
configure:8992: $? = 0
configure:9006: /Applications/Xcode7.app/Contents/Developer/Toolchains/XcodeDefault.xctoolchain/usr/bin/clang -arch x86_64 -E  conftest.c
conftest.c:10:10: fatal error: 'ac_nonexistent.h' file not found
#include <ac_nonexistent.h>
         ^
1 error generated.
configure:9006: $? = 1
configure: failed program was:
| /* confdefs.h */
| #define PACKAGE_NAME ""
| #define PACKAGE_TARNAME ""
| #define PACKAGE_VERSION ""
| #define PACKAGE_STRING ""
| #define PACKAGE_BUGREPORT ""
| #define PACKAGE_URL ""
| #define STDC_HEADERS 1
| /* end confdefs.h.  */
| #include <ac_nonexistent.h>
configure:9042: checking for sys/types.h
configure:9042: /Applications/Xcode7.app/Contents/Developer/Toolchains/XcodeDefault.xctoolchain/usr/bin/clang -arch x86_64 -c -g -O2  conftest.c >&5
configure:9042: $? = 0
configure:9042: result: yes
configure:9042: checking for sys/stat.h
configure:9042: /Applications/Xcode7.app/Contents/Developer/Toolchains/XcodeDefault.xctoolchain/usr/bin/clang -arch x86_64 -c -g -O2  conftest.c >&5
configure:9042: $? = 0
configure:9042: result: yes
configure:9042: checking for stdlib.h
configure:9042: /Applications/Xcode7.app/Contents/Developer/Toolchains/XcodeDefault.xctoolchain/usr/bin/clang -arch x86_64 -c -g -O2  conftest.c >&5
configure:9042: $? = 0
configure:9042: result: yes
configure:9042: checking for string.h
configure:9042: /Applications/Xcode7.app/Contents/Developer/Toolchains/XcodeDefault.xctoolchain/usr/bin/clang -arch x86_64 -c -g -O2  conftest.c >&5
configure:9042: $? = 0
configure:9042: result: yes
configure:9042: checking for memory.h
configure:9042: /Applications/Xcode7.app/Contents/Developer/Toolchains/XcodeDefault.xctoolchain/usr/bin/clang -arch x86_64 -c -g -O2  conftest.c >&5
configure:9042: $? = 0
configure:9042: result: yes
configure:9042: checking for strings.h
configure:9042: /Applications/Xcode7.app/Contents/Developer/Toolchains/XcodeDefault.xctoolchain/usr/bin/clang -arch x86_64 -c -g -O2  conftest.c >&5
configure:9042: $? = 0
configure:9042: result: yes
configure:9042: checking for inttypes.h
configure:9042: /Applications/Xcode7.app/Contents/Developer/Toolchains/XcodeDefault.xctoolchain/usr/bin/clang -arch x86_64 -c -g -O2  conftest.c >&5
configure:9042: $? = 0
configure:9042: result: yes
configure:9042: checking for stdint.h
configure:9042: /Applications/Xcode7.app/Contents/Developer/Toolchains/XcodeDefault.xctoolchain/usr/bin/clang -arch x86_64 -c -g -O2  conftest.c >&5
configure:9042: $? = 0
configure:9042: result: yes
configure:9042: checking for unistd.h
configure:9042: /Applications/Xcode7.app/Contents/Developer/Toolchains/XcodeDefault.xctoolchain/usr/bin/clang -arch x86_64 -c -g -O2  conftest.c >&5
configure:9042: $? = 0
configure:9042: result: yes
configure:9058: checking size of long
configure:9063: /Applications/Xcode7.app/Contents/Developer/Toolchains/XcodeDefault.xctoolchain/usr/bin/clang -arch x86_64 -o conftest -g -O2   conftest.c  >&5
configure:9063: $? = 0
configure:9063: ./conftest
configure:9063: $? = 0
configure:9077: result: 8
configure:9089: checking whether byte ordering is bigendian
configure:9104: /Applications/Xcode7.app/Contents/Developer/Toolchains/XcodeDefault.xctoolchain/usr/bin/clang -arch x86_64 -c -g -O2  conftest.c >&5
configure:9104: $? = 0
configure:9149: /Applications/Xcode7.app/Contents/Developer/Toolchains/XcodeDefault.xctoolchain/usr/bin/clang -arch x86_64 -c -g -O2  conftest.c >&5
configure:9149: $? = 0
configure:9167: /Applications/Xcode7.app/Contents/Developer/Toolchains/XcodeDefault.xctoolchain/usr/bin/clang -arch x86_64 -c -g -O2  conftest.c >&5
conftest.c:27:4: error: use of undeclared identifier 'not'
                 not big endian
                 ^
1 error generated.
configure:9167: $? = 1
configure: failed program was:
| /* confdefs.h */
| #define PACKAGE_NAME ""
| #define PACKAGE_TARNAME ""
| #define PACKAGE_VERSION ""
| #define PACKAGE_STRING ""
| #define PACKAGE_BUGREPORT ""
| #define PACKAGE_URL ""
| #define STDC_HEADERS 1
| #define HAVE_SYS_TYPES_H 1
| #define HAVE_SYS_STAT_H 1
| #define HAVE_STDLIB_H 1
| #define HAVE_STRING_H 1
| #define HAVE_MEMORY_H 1
| #define HAVE_STRINGS_H 1
| #define HAVE_INTTYPES_H 1
| #define HAVE_STDINT_H 1
| #define HAVE_UNISTD_H 1
| #define SIZEOF_LONG 8
| /* end confdefs.h.  */
| #include <sys/types.h>
| 		#include <sys/param.h>
| 
| int
| main ()
| {
| #if BYTE_ORDER != BIG_ENDIAN
| 		 not big endian
| 		#endif
| 
|   ;
|   return 0;
| }
configure:9295: result: no
configure:9323: checking for special C compiler options needed for large files
configure:9368: result: no
configure:9374: checking for _FILE_OFFSET_BITS value needed for large files
configure:9399: /Applications/Xcode7.app/Contents/Developer/Toolchains/XcodeDefault.xctoolchain/usr/bin/clang -arch x86_64 -c -g -O2  conftest.c >&5
configure:9399: $? = 0
configure:9431: result: no
configure:9563: checking cups/cups.h usability
configure:9563: /Applications/Xcode7.app/Contents/Developer/Toolchains/XcodeDefault.xctoolchain/usr/bin/clang -arch x86_64 -c -g -O2  conftest.c >&5
configure:9563: $? = 0
configure:9563: result: yes
configure:9563: checking cups/cups.h presence
configure:9563: /Applications/Xcode7.app/Contents/Developer/Toolchains/XcodeDefault.xctoolchain/usr/bin/clang -arch x86_64 -E  conftest.c
configure:9563: $? = 0
configure:9563: result: yes
configure:9563: checking for cups/cups.h
configure:9563: result: yes
configure:9845: checking for C++ compiler version
configure:9854: /Applications/Xcode7.app/Contents/Developer/Toolchains/XcodeDefault.xctoolchain/usr/bin/clang++ -arch x86_64 -std=c++11 --version >&5
Apple LLVM version 7.3.0 (clang-703.0.31)
Target: x86_64-apple-darwin17.7.0
Thread model: posix
InstalledDir: /Applications/Xcode7.app/Contents/Developer/Toolchains/XcodeDefault.xctoolchain/usr/bin
configure:9865: $? = 0
configure:9854: /Applications/Xcode7.app/Contents/Developer/Toolchains/XcodeDefault.xctoolchain/usr/bin/clang++ -arch x86_64 -std=c++11 -v >&5
Apple LLVM version 7.3.0 (clang-703.0.31)
Target: x86_64-apple-darwin17.7.0
Thread model: posix
InstalledDir: /Applications/Xcode7.app/Contents/Developer/Toolchains/XcodeDefault.xctoolchain/usr/bin
clang: warning: argument unused during compilation: '-std=c++11'
configure:9865: $? = 0
configure:9854: /Applications/Xcode7.app/Contents/Developer/Toolchains/XcodeDefault.xctoolchain/usr/bin/clang++ -arch x86_64 -std=c++11 -V >&5
clang: error: argument to '-V' is missing (expected 1 value)
clang: error: no input files
configure:9865: $? = 1
configure:9854: /Applications/Xcode7.app/Contents/Developer/Toolchains/XcodeDefault.xctoolchain/usr/bin/clang++ -arch x86_64 -std=c++11 -qversion >&5
clang: error: unknown argument: '-qversion'
clang: error: no input files
configure:9865: $? = 1
configure:9869: checking whether we are using the GNU C++ compiler
configure:9897: result: yes
configure:9906: checking whether /Applications/Xcode7.app/Contents/Developer/Toolchains/XcodeDefault.xctoolchain/usr/bin/clang++ -arch x86_64 -std=c++11 accepts -g
configure:9967: result: yes
configure:9993: checking the GNU C++ compiler version
configure:9999: result: checked (g++ 4.2.1)
configure:10052: checking for g++ include path
configure:10074: result: /usr/include/c++/4.2.1
configure:10218: checking exception type
configure:10253: result: 
configure:10361: checking what the default STL should be
configure:10373: checking whether /Applications/Xcode7.app/Contents/Developer/Toolchains/XcodeDefault.xctoolchain/usr/bin/clang -arch x86_64 supports -fvisibility=hidden
configure:10388: /Applications/Xcode7.app/Contents/Developer/Toolchains/XcodeDefault.xctoolchain/usr/bin/clang -arch x86_64 -o conftest -g -O2 -fvisibility=hidden   conftest.c  >&5
configure:10388: $? = 0
configure:10395: result: yes
configure:10406: checking whether we are allowed and able to use --ccache-skip
configure:10421: result: probing...
configure:10425: checking for ccache
configure:10456: result: not_found
configure:10465: not enabling --ccache-skip (ccache not found)
configure:10657: checking which memory allocator to use
configure:10805: result: internal
configure:10811: checking whether to add custom build version
configure:10815: result: yes, 2021-04-20 12:31:52 (Tue, 20 Apr 2021) - Darwin x86_64
configure:10824: checking whether to build with Java support
configure:10827: result: yes
configure:10922: checking the installed JDK
configure:11004: result: checked (JDK 1.7.0_80)
configure:11337: checking for jawt lib name
configure:11507: result: -ljawt
configure:11513: checking whether to enable gcj aot compilation
configure:11578: result: no
configure:11594: checking whether to enable EPM for packing
configure:11597: result: yes
configure:11661: checking whether the found epm is the right epm
configure:11664: result: yes
configure:11669: checking epm version
configure:11674: result: OK, >= 3.7
configure:11685: checking which package format to use
configure:11753: result: dmg
configure:11970: checking for gperf
configure:11988: found /usr/bin/gperf
configure:12000: result: /usr/bin/gperf
configure:12011: checking for gperf
configure:12041: result: /usr/bin/gperf
configure:12059: checking gperf version
configure:12062: result: OK
configure:12070: checking whether to build the stax
configure:12078: result: yes
configure:12083: checking whether to build the ODK
configure:12086: result: yes
configure:12089: checking for external/unowinreg/unowinreg.dll
configure:12097: result: found
configure:12453: checking whether to provide libstdc++/libgcc_s in the installset
configure:12461: result: yes
configure:12470: checking which zlib to use
configure:12474: result: external
configure:12477: checking zlib.h usability
configure:12477: /Applications/Xcode7.app/Contents/Developer/Toolchains/XcodeDefault.xctoolchain/usr/bin/clang -arch x86_64 -c -g -O2  conftest.c >&5
configure:12477: $? = 0
configure:12477: result: yes
configure:12477: checking zlib.h presence
configure:12477: /Applications/Xcode7.app/Contents/Developer/Toolchains/XcodeDefault.xctoolchain/usr/bin/clang -arch x86_64 -E  conftest.c
configure:12477: $? = 0
configure:12477: result: yes
configure:12477: checking for zlib.h
configure:12477: result: yes
configure:12485: checking for deflate in -lz
configure:12510: /Applications/Xcode7.app/Contents/Developer/Toolchains/XcodeDefault.xctoolchain/usr/bin/clang -arch x86_64 -o conftest -g -O2   conftest.c -lz   >&5
configure:12510: $? = 0
configure:12519: result: yes
configure:12535: checking which jpeg to use
configure:12594: result: internal
configure:12601: checking which expat to use
configure:12665: result: internal
configure:12673: checking which cppunit to use
configure:12759: WARNING: not using cppunit
configure:12941: checking which libxslt to use
configure:12946: result: external
configure:13049: checking for xsltproc
configure:13067: found /usr/local/bin/xsltproc
configure:13080: result: /usr/local/bin/xsltproc
configure:13102: checking which libxml to use
configure:13107: result: external
configure:13221: checking checking SDK compatibility with OSX 10.7
configure:13235: result: yes, by using SDK macosx10.11
configure:13240: checking for /Applications/Xcode7.app/Contents/Developer/Platforms/MacOSX.platform/Developer/SDKs/MacOSX10.11.sdk
configure:13243: result: yes
configure:13257: checking which python to use
configure:13266: result: compiling against system python (/usr/bin/python)
configure:13273: result: compiling against system python (version 2.7)
configure:13531: checking Python.h usability
configure:13531: /Applications/Xcode7.app/Contents/Developer/Toolchains/XcodeDefault.xctoolchain/usr/bin/clang -arch x86_64 -c -g -O2  -I/Applications/Xcode7.app/Contents/Developer/Platforms/MacOSX.platform/Developer/SDKs/MacOSX10.11.sdk/usr/include/python2.7 conftest.c >&5
configure:13531: $? = 0
configure:13531: result: yes
configure:13531: checking Python.h presence
configure:13531: /Applications/Xcode7.app/Contents/Developer/Toolchains/XcodeDefault.xctoolchain/usr/bin/clang -arch x86_64 -E  -I/Applications/Xcode7.app/Contents/Developer/Platforms/MacOSX.platform/Developer/SDKs/MacOSX10.11.sdk/usr/include/python2.7 conftest.c
configure:13531: $? = 0
configure:13531: result: yes
configure:13531: checking for Python.h
configure:13531: result: yes
configure:13602: checking which lucene to use
configure:13811: result: internal
configure:13820: checking whether to build the MySQL Connector extension
configure:13836: result: no
configure:14066: checking which hsqldb to use
configure:14129: result: internal
configure:14138: checking which beanshell to use
configure:14172: result: internal
configure:14188: checking which saxon to use
configure:14386: result: internal
configure:14402: checking whether to enable support for JavaScript
configure:14406: result: yes
configure:14420: checking which libapr to use
configure:14518: result: internal
configure:14531: checking which libapr-util to use
configure:14629: result: internal
configure:14642: checking which libserf to use
configure:14741: result: internal
configure:14755: checking whether to enable support for CoinMP
configure:14759: result: yes
configure:14763: checking which coinmp to use
configure:14952: result: internal
configure:14971: checking which curl to use
configure:14975: result: external
configure:14981: checking for curl-config
configure:14999: found /usr/bin/curl-config
configure:15011: result: /usr/bin/curl-config
configure:15024: checking whether curl is >= 7.13.1
configure:15031: result: yes
configure:15046: checking which mdds to use
configure:15074: result: internal
configure:15081: checking which boost to use
configure:15156: result: internal
configure:15163: checking which vigra to use
configure:15191: result: internal
configure:15198: checking which odbc headers to use
configure:15215: result: internal
configure:15222: checking whether to build XML Security support
configure:15228: result: yes
configure:15232: checking whether to build LDAP configuration backend
configure:15236: result: yes
configure:15249: checking which LDAP SDK to use
configure:15252: result: OpenLDAP
configure:15257: checking ldap.h usability
configure:15257: /Applications/Xcode7.app/Contents/Developer/Toolchains/XcodeDefault.xctoolchain/usr/bin/clang -arch x86_64 -c -g -O2  conftest.c >&5
configure:15257: $? = 0
configure:15257: result: yes
configure:15257: checking ldap.h presence
configure:15257: /Applications/Xcode7.app/Contents/Developer/Toolchains/XcodeDefault.xctoolchain/usr/bin/clang -arch x86_64 -E  conftest.c
configure:15257: $? = 0
configure:15257: result: yes
configure:15257: checking for ldap.h
configure:15257: result: yes
configure:15269: checking for ldap_simple_bind_s in -lldap
configure:15294: /Applications/Xcode7.app/Contents/Developer/Toolchains/XcodeDefault.xctoolchain/usr/bin/clang -arch x86_64 -o conftest -g -O2   conftest.c -lldap   >&5
configure:15294: $? = 0
configure:15303: result: yes
configure:15318: checking for ldap_set_option in -lldap
configure:15343: /Applications/Xcode7.app/Contents/Developer/Toolchains/XcodeDefault.xctoolchain/usr/bin/clang -arch x86_64 -o conftest -g -O2   conftest.c -lldap  -lldap  >&5
configure:15343: $? = 0
configure:15352: result: yes
configure:15370: checking whether to build the internal NSS module
configure:15375: result: yes
configure:15415: checking which sane header to use
configure:15431: result: internal
configure:15438: checking which icu to use
configure:15662: result: internal
configure:15677: checking whether to enable graphite support
configure:15788: result: no
configure:15803: checking for /System/Library/Frameworks/AppKit.framework
configure:15806: result: yes
configure:16675: checking whether to link to Xrender
configure:16683: result: no, dynamically open it
configure:16687: checking which Xrender headers to use
configure:16703: result: internal
configure:16760: checking whether to enable RandR support
configure:16905: result: no
configure:16913: checking which libnss to use
configure:17011: result: internal
configure:17023: checking which libssl to use
configure:17027: result: external
configure:17138: checking which redland library to use
configure:17237: result: internal
configure:17246: checking whether to build the Spell Checking component
configure:17251: checking which libhunspell to use
configure:17402: result: internal
configure:17417: checking whether to build the Hyphenator component
configure:17422: checking which libhyphen to use
configure:17576: result: internal
configure:17603: checking which mythes to use
configure:17786: result: internal
configure:17796: checking which libtextcat to use
configure:17858: result: internal
configure:17865: checking which libtextcat data directory to use
configure:17876: result: internal
configure:17938: checking for getopt
configure:17938: /Applications/Xcode7.app/Contents/Developer/Toolchains/XcodeDefault.xctoolchain/usr/bin/clang -arch x86_64 -o conftest -g -O2   conftest.c -lldap -lldap  >&5
configure:17938: $? = 0
configure:17938: result: yes
configure:17951: checking for readdir_r
configure:17951: /Applications/Xcode7.app/Contents/Developer/Toolchains/XcodeDefault.xctoolchain/usr/bin/clang -arch x86_64 -o conftest -g -O2   conftest.c -lldap -lldap  >&5
configure:17951: $? = 0
configure:17951: result: yes
configure:18328: checking for bison
configure:18346: found /usr/bin/bison
configure:18358: result: /usr/bin/bison
configure:18369: checking the bison version
configure:18380: result: checked (/usr/bin/bison 2.3)
configure:18389: checking for flex
configure:18407: found /usr/bin/flex
configure:18419: result: /usr/bin/flex
configure:18432: checking for patch
configure:18450: found /usr/local/bin/patch
configure:18462: result: /usr/local/bin/patch
configure:18485: checking whether /usr/local/bin/patch is GNU patch
configure:18488: result: yes
configure:18505: checking for gnucp
configure:18538: result: no
configure:18505: checking for cp
configure:18523: found /bin/cp
configure:18535: result: /bin/cp
configure:18558: checking whether /bin/cp is GNU cp from coreutils with preserve= support
configure:18564: result: no
configure:18573: result: no GNU cp from coreutils found - using the system's cp command
configure:18772: checking for zip
configure:18790: found /usr/bin/zip
configure:18802: result: /usr/bin/zip
configure:18812: checking for unzip
configure:18830: found /usr/bin/unzip
configure:18842: result: /usr/bin/unzip
configure:18942: checking which VCLplugs shall be built
configure:18966: result: none
configure:18975: checking whether to enable GConf support
configure:19073: result: no
configure:19080: checking whether to enable GNOME VFS support
configure:19271: result: no
configure:19838: checking whether to use cairo
configure:19989: result: no
configure:20007: checking whether to build the OpenGL Transitions component
configure:20106: result: no
configure:20113: checking whether to build the PDF Import extension
configure:20225: result: no
configure:20234: checking whether to build the Wiki Publisher extension
configure:20237: result: yes
configure:20239: checking for swext module
configure:20242: result: OK
configure:20257: checking which Servlet API Jar to use
configure:20290: result: internal
configure:20299: checking whether to build the Report Builder extension
configure:21067: result: no
configure:21088: checking which Apache commons-* libs to use
configure:21385: result: internal
configure:21748: checking whether to enable the lockdown pieces
configure:21756: result: no
configure:21761: checking whether to enable evolution 2 support
configure:21860: result: no
configure:21867: checking whether to enable KDE address book support
configure:21918: result: no
configure:21924: checking whether to include MathMLDTD
configure:21932: result: yes
configure:21943: checking whether to include category B fonts
configure:21946: result: yes
configure:21958: checking whether to include category A fonts
configure:21961: result: yes
configure:21973: checking whether any fonts are included
configure:21978: result: yes
configure:21989: checking whether to include PPDs
configure:21992: result: yes
configure:22002: checking whether to include AFMs
configure:22005: result: yes
configure:22018: checking whether and how to use Xinerama
configure:22023: result: yes
configure:22157: checking whether to build own version of libpng
configure:22168: result: yes
configure:22180: checking whether to build own version of libjpeg
configure:22203: result: yes
configure:22209: checking whether to trigger rat scan
configure:22212: result: no
configure:22393: checking for jakarta-ant
configure:22427: result: no
configure:22393: checking for ant
configure:22412: found /usr/local/share/java/apache-ant-1.9/bin/ant
configure:22424: result: /usr/local/share/java/apache-ant-1.9/bin/ant
configure:22459: checking if /usr/local/share/java/apache-ant-1.9/bin/ant works
configure:22484: /usr/local/share/java/apache-ant-1.9/bin/ant -buildfile conftest.xml 1>&2
Buildfile: /Users/jim/src/asf/aoo-git/main/conftest.xml

conftest:
    [javac] /Users/jim/src/asf/aoo-git/main/conftest.xml:3: warning: 'includeantruntime' was not set, defaulting to build.sysclasspath=last; set to false for repeatable builds
    [javac] Compiling 1 source file

BUILD SUCCESSFUL
Total time: 0 seconds
configure:22487: $? = 0
configure:22490: result: Ant works
configure:22518: checking Ant lib directory
configure:22545: result: Ant lib directory found.
configure:22558: checking whether ant is >= 1.7.0
configure: ant_version 1.9.13 
configure: ant_version_major 1 
configure: ant_version_minor 9 
configure:22570: result: yes, 1.9.13
configure:22577: checking whether ant supports mapper type="regexp"
configure:22610: /usr/local/share/java/apache-ant-1.9/bin/ant -buildfile conftest.xml 1>&2
Buildfile: /Users/jim/src/asf/aoo-git/main/conftest.xml

copytest:

conftest:
    [javac] /Users/jim/src/asf/aoo-git/main/conftest.xml:3: warning: 'includeantruntime' was not set, defaulting to build.sysclasspath=last; set to false for repeatable builds
    [javac] Compiling 1 source file

BUILD SUCCESSFUL
Total time: 0 seconds
configure:22613: $? = 0
configure:22616: result: yes
configure:22631: checking for JUnit 4
configure:22652: result: /usr/local/share/java/junit.jar
configure:22664: checking which languages to be built
configure:22671: result: ast bg ca ca-XR ca-XV cs da de el en-GB en-US es eu fi fr gd gl he hi hu it ja km ko lt nb nl pl pt pt-BR ru sk sl sr sv ta th tr vi zh-CN zh-TW
configure:22678: checking which languages have poor help localizations
configure:22682: result: none
configure:22690: checking which dictionaries to include
configure:22694: result: ALL
configure:22703: checking for additional 'intro' bitmaps
configure:22708: result: none
configure:22726: checking for additional 'about' bitmaps
configure:22731: result: none
configure:22750: checking for vendor
configure:22753: result: not set
configure:22763: checking for UNIX wrapper name
configure:22766: result: not set
configure:22775: checking whether to statically link to Gtk
configure:22783: result: no
configure:22788: checking whether to use layout dialogs
configure:22796: result: no
configure:22804: checking build verbosity
configure:22809: result: high
configure:22823: checking whether to enable dependency tracking
configure:22830: result: yes
configure:22847: checking solver path
configure:22851: result: default
configure:22870: writing config.status
configure:23023: creating ./config.status

## ---------------------- ##
## Running config.status. ##
## ---------------------- ##

This file was extended by config.status, which was
generated by GNU Autoconf 2.69.  Invocation command line was

  CONFIG_FILES    = 
  CONFIG_HEADERS  = 
  CONFIG_LINKS    = 
  CONFIG_COMMANDS = 
  $ ./config.status 

on aoo-builder64-macos13.local

config.status:1119: creating set_soenv
config.status:1119: creating Makefile
configure:24026: WARNING: unrecognized options: --with-macosx-target

## ---------------- ##
## Cache variables. ##
## ---------------- ##

ac_cv_build=x86_64-apple-darwin17.7.0
ac_cv_c_bigendian=no
ac_cv_c_compiler_gnu=yes
ac_cv_cxx_compiler_gnu=yes
ac_cv_env_APR_CFLAGS_set=
ac_cv_env_APR_CFLAGS_value=
ac_cv_env_APR_LIBS_set=
ac_cv_env_APR_LIBS_value=
ac_cv_env_APR_UTIL_CFLAGS_set=
ac_cv_env_APR_UTIL_CFLAGS_value=
ac_cv_env_APR_UTIL_LIBS_set=
ac_cv_env_APR_UTIL_LIBS_value=
ac_cv_env_CAIRO_CFLAGS_set=
ac_cv_env_CAIRO_CFLAGS_value=
ac_cv_env_CAIRO_LIBS_set=
ac_cv_env_CAIRO_LIBS_value=
ac_cv_env_CCC_set=
ac_cv_env_CCC_value=
ac_cv_env_CC_set=
ac_cv_env_CC_value=
ac_cv_env_CFLAGS_set=
ac_cv_env_CFLAGS_value=
ac_cv_env_COINMP_CFLAGS_set=
ac_cv_env_COINMP_CFLAGS_value=
ac_cv_env_COINMP_LIBS_set=
ac_cv_env_COINMP_LIBS_value=
ac_cv_env_CPPFLAGS_set=
ac_cv_env_CPPFLAGS_value=
ac_cv_env_CPPUNIT_CFLAGS_set=
ac_cv_env_CPPUNIT_CFLAGS_value=
ac_cv_env_CPPUNIT_LIBS_set=
ac_cv_env_CPPUNIT_LIBS_value=
ac_cv_env_CPP_set=
ac_cv_env_CPP_value=
ac_cv_env_CXXCPP_set=
ac_cv_env_CXXCPP_value=
ac_cv_env_CXXFLAGS_set=
ac_cv_env_CXXFLAGS_value=
ac_cv_env_CXX_set=
ac_cv_env_CXX_value=
ac_cv_env_DBUS_CFLAGS_set=
ac_cv_env_DBUS_CFLAGS_value=
ac_cv_env_DBUS_LIBS_set=
ac_cv_env_DBUS_LIBS_value=
ac_cv_env_FREETYPE_CFLAGS_set=
ac_cv_env_FREETYPE_CFLAGS_value=
ac_cv_env_FREETYPE_LIBS_set=
ac_cv_env_FREETYPE_LIBS_value=
ac_cv_env_GCONF_CFLAGS_set=
ac_cv_env_GCONF_CFLAGS_value=
ac_cv_env_GCONF_LIBS_set=
ac_cv_env_GCONF_LIBS_value=
ac_cv_env_GIO_CFLAGS_set=
ac_cv_env_GIO_CFLAGS_value=
ac_cv_env_GIO_LIBS_set=
ac_cv_env_GIO_LIBS_value=
ac_cv_env_GNOMEVFS_CFLAGS_set=
ac_cv_env_GNOMEVFS_CFLAGS_value=
ac_cv_env_GNOMEVFS_LIBS_set=
ac_cv_env_GNOMEVFS_LIBS_value=
ac_cv_env_GOBJECT_CFLAGS_set=
ac_cv_env_GOBJECT_CFLAGS_value=
ac_cv_env_GOBJECT_LIBS_set=
ac_cv_env_GOBJECT_LIBS_value=
ac_cv_env_GRAPHITE_CFLAGS_set=
ac_cv_env_GRAPHITE_CFLAGS_value=
ac_cv_env_GRAPHITE_LIBS_set=
ac_cv_env_GRAPHITE_LIBS_value=
ac_cv_env_GSTREAMER_CFLAGS_set=
ac_cv_env_GSTREAMER_CFLAGS_value=
ac_cv_env_GSTREAMER_LIBS_set=
ac_cv_env_GSTREAMER_LIBS_value=
ac_cv_env_GTHREAD_CFLAGS_set=
ac_cv_env_GTHREAD_CFLAGS_value=
ac_cv_env_GTHREAD_LIBS_set=
ac_cv_env_GTHREAD_LIBS_value=
ac_cv_env_GTK_2_10_CFLAGS_set=
ac_cv_env_GTK_2_10_CFLAGS_value=
ac_cv_env_GTK_2_10_LIBS_set=
ac_cv_env_GTK_2_10_LIBS_value=
ac_cv_env_GTK_CFLAGS_set=
ac_cv_env_GTK_CFLAGS_value=
ac_cv_env_GTK_LIBS_set=
ac_cv_env_GTK_LIBS_value=
ac_cv_env_HUNSPELL_CFLAGS_set=
ac_cv_env_HUNSPELL_CFLAGS_value=
ac_cv_env_HUNSPELL_LIBS_set=
ac_cv_env_HUNSPELL_LIBS_value=
ac_cv_env_LDFLAGS_set=
ac_cv_env_LDFLAGS_value=
ac_cv_env_LIBS_set=
ac_cv_env_LIBS_value=
ac_cv_env_LIBXML_CFLAGS_set=
ac_cv_env_LIBXML_CFLAGS_value=
ac_cv_env_LIBXML_LIBS_set=
ac_cv_env_LIBXML_LIBS_value=
ac_cv_env_LIBXSLT_CFLAGS_set=
ac_cv_env_LIBXSLT_CFLAGS_value=
ac_cv_env_LIBXSLT_LIBS_set=
ac_cv_env_LIBXSLT_LIBS_value=
ac_cv_env_MYTHES_CFLAGS_set=
ac_cv_env_MYTHES_CFLAGS_value=
ac_cv_env_MYTHES_LIBS_set=
ac_cv_env_MYTHES_LIBS_value=
ac_cv_env_NSS_CFLAGS_set=
ac_cv_env_NSS_CFLAGS_value=
ac_cv_env_NSS_LIBS_set=
ac_cv_env_NSS_LIBS_value=
ac_cv_env_OPENSSL_CFLAGS_set=
ac_cv_env_OPENSSL_CFLAGS_value=
ac_cv_env_OPENSSL_LIBS_set=
ac_cv_env_OPENSSL_LIBS_value=
ac_cv_env_PKG_CONFIG_LIBDIR_set=
ac_cv_env_PKG_CONFIG_LIBDIR_value=
ac_cv_env_PKG_CONFIG_PATH_set=
ac_cv_env_PKG_CONFIG_PATH_value=
ac_cv_env_PKG_CONFIG_set=
ac_cv_env_PKG_CONFIG_value=
ac_cv_env_POPPLER_CFLAGS_set=
ac_cv_env_POPPLER_CFLAGS_value=
ac_cv_env_POPPLER_LIBS_set=
ac_cv_env_POPPLER_LIBS_value=
ac_cv_env_REDLAND_CFLAGS_set=
ac_cv_env_REDLAND_CFLAGS_value=
ac_cv_env_REDLAND_LIBS_set=
ac_cv_env_REDLAND_LIBS_value=
ac_cv_env_SERF_CFLAGS_set=
ac_cv_env_SERF_CFLAGS_value=
ac_cv_env_SERF_LIBS_set=
ac_cv_env_SERF_LIBS_value=
ac_cv_env_XMKMF_set=
ac_cv_env_XMKMF_value=
ac_cv_env_XRANDR_CFLAGS_set=
ac_cv_env_XRANDR_CFLAGS_value=
ac_cv_env_XRANDR_LIBS_set=
ac_cv_env_XRANDR_LIBS_value=
ac_cv_env_build_alias_set=
ac_cv_env_build_alias_value=
ac_cv_env_host_alias_set=
ac_cv_env_host_alias_value=
ac_cv_env_target_alias_set=
ac_cv_env_target_alias_value=
ac_cv_func_getopt=yes
ac_cv_func_readdir_r=yes
ac_cv_header_Python_h=yes
ac_cv_header_cups_cups_h=yes
ac_cv_header_inttypes_h=yes
ac_cv_header_ldap_h=yes
ac_cv_header_memory_h=yes
ac_cv_header_stdc=yes
ac_cv_header_stdint_h=yes
ac_cv_header_stdlib_h=yes
ac_cv_header_string_h=yes
ac_cv_header_strings_h=yes
ac_cv_header_sys_stat_h=yes
ac_cv_header_sys_types_h=yes
ac_cv_header_unistd_h=yes
ac_cv_header_zlib_h=yes
ac_cv_host=x86_64-apple-darwin17.7.0
ac_cv_lib_ldap_ldap_set_option=yes
ac_cv_lib_ldap_ldap_simple_bind_s=yes
ac_cv_lib_z_deflate=yes
ac_cv_objext=o
ac_cv_path_ANT=/usr/local/share/java/apache-ant-1.9/bin/ant
ac_cv_path_AWK=/usr/bin/awk
ac_cv_path_BISON=/usr/bin/bison
ac_cv_path_CCACHE=not_found
ac_cv_path_CURLCONFIG=/usr/bin/curl-config
ac_cv_path_EGREP='/usr/bin/grep -E'
ac_cv_path_FLEX=/usr/bin/flex
ac_cv_path_GNUCP=/bin/cp
ac_cv_path_GPERF=/usr/bin/gperf
ac_cv_path_GREP=/usr/bin/grep
ac_cv_path_PATCH=/usr/local/bin/patch
ac_cv_path_PERL=/Users/jim/bin/perl
ac_cv_path_SED=/usr/bin/sed
ac_cv_path_SHELLPATH=/usr/local/bin/bash
ac_cv_path_UNZIP=/usr/bin/unzip
ac_cv_path_XSLTPROC=/usr/local/bin/xsltproc
ac_cv_path_ZIP=/usr/bin/zip
ac_cv_path_ac_pt_PKG_CONFIG=/usr/local/bin/pkg-config
ac_cv_prog_AWK=awk
ac_cv_prog_CPP='/Applications/Xcode7.app/Contents/Developer/Toolchains/XcodeDefault.xctoolchain/usr/bin/clang -arch x86_64 -E'
ac_cv_prog_CXXCPP='/Applications/Xcode7.app/Contents/Developer/Toolchains/XcodeDefault.xctoolchain/usr/bin/clang++ -arch x86_64 -std=c++11 -E'
ac_cv_prog_ac_ct_CC='/Applications/Xcode7.app/Contents/Developer/Toolchains/XcodeDefault.xctoolchain/usr/bin/clang -arch x86_64'
ac_cv_prog_cc_c89=
ac_cv_prog_cc_g=yes
ac_cv_prog_cxx_g=yes
ac_cv_sizeof_long=8
ac_cv_sys_file_offset_bits=no
ac_cv_sys_largefile_CC=no
ac_cv_target=x86_64-apple-darwin17.7.0

## ----------------- ##
## Output variables. ##
## ----------------- ##

ABOUT_BITMAPS=''
ADDITIONAL_REPOSITORIES='../ext_libraries ../extras'
ALLOC=''
ANT='/usr/local/share/java/apache-ant-1.9/bin/ant'
ANT_HOME='/usr/local/share/java/apache-ant-1.9'
ANT_LIB='/usr/local/share/java/apache-ant-1.9/lib'
APR_CFLAGS=''
APR_LIBS=''
APR_UTIL_CFLAGS=''
APR_UTIL_LIBS=''
ARM_TARGET=''
ASM_HOME='NO_ASM_HOME'
ATL_INCLUDE=''
ATL_LIB=''
ATL_LIB_X64=''
AWK='/usr/bin/awk'
AWTLIB='-ljawt'
BISON='/usr/bin/bison'
BSH_JAR=''
BUILD_EPM='NO'
BUILD_PIXMAN=''
BUILD_STAX='YES'
BUILD_TYPE='OOo ODK JPEG EXPAT LIBXMLSEC LUCENE HSQLDB BSH SAXON RHINO APR APR_UTIL SERF COINMP COINMP MDDS BOOST VIGRA UNIXODBC NSS SANE ICU X11_EXTENSIONS NSS REDLAND HUNSPELL HYPHEN MYTHES LIBTEXTCAT LIBTEXTCATDATA SWEXT TOMCAT APACHE_COMMONS TOMCAT MATHMLDTD CATB_FONTS MORE_FONTS AFMS L10N'
BUILD_UNOWINREG='NO'
BUILD_VER_STRING='2021-04-20 12:31:52 (Tue, 20 Apr 2021) - Darwin x86_64'
BUILD_X64=''
BUNDLED_EXTENSION_BLOBS=''
BUNDLED_PREREG_EXTENSIONS=''
BZIP2=''
CAIRO_CFLAGS=''
CAIRO_LIBS=''
CC='/Applications/Xcode7.app/Contents/Developer/Toolchains/XcodeDefault.xctoolchain/usr/bin/clang -arch x86_64'
CCACHE='not_found'
CC_PATH='/Applications/Xcode7.app/Contents/Developer/Toolchains/XcodeDefault.xctoolchain/usr/bin/'
CFLAGS='-g -O2'
COINMP_CFLAGS=''
COINMP_LIBS=''
COMEX=''
COMMONS_CODEC_JAR=''
COMMONS_HTTPCLIENT_JAR=''
COMMONS_LANG_JAR=''
COMMONS_LOGGING_JAR=''
COMPATH='/Applications/Xcode7.app/Contents/Developer/Toolchains/XcodeDefault.xctoolchain/usr'
COM_IS=''
CPP='/Applications/Xcode7.app/Contents/Developer/Toolchains/XcodeDefault.xctoolchain/usr/bin/clang -arch x86_64 -E'
CPPFLAGS=''
CPPUNIT_CFLAGS=''
CPPUNIT_LIBS=''
CRYPT_LINK=''
CSC_PATH=''
CURLCONFIG='/usr/bin/curl-config'
CURL_CFLAGS=''
CURL_LIBS='-lcurl'
CUSTOM_PACK_LIST=''
CXX='/Applications/Xcode7.app/Contents/Developer/Toolchains/XcodeDefault.xctoolchain/usr/bin/clang++ -arch x86_64 -std=c++11'
CXXCPP='/Applications/Xcode7.app/Contents/Developer/Toolchains/XcodeDefault.xctoolchain/usr/bin/clang++ -arch x86_64 -std=c++11 -E'
CXXFLAGS='-g -O2'
CYGWIN_PATH='NO_CYGWIN'
DBUS_CFLAGS=''
DBUS_LIBS=''
DEFS='-DPACKAGE_NAME=\"\" -DPACKAGE_TARNAME=\"\" -DPACKAGE_VERSION=\"\" -DPACKAGE_STRING=\"\" -DPACKAGE_BUGREPORT=\"\" -DPACKAGE_URL=\"\" -DSTDC_HEADERS=1 -DHAVE_SYS_TYPES_H=1 -DHAVE_SYS_STAT_H=1 -DHAVE_STDLIB_H=1 -DHAVE_STRING_H=1 -DHAVE_MEMORY_H=1 -DHAVE_STRINGS_H=1 -DHAVE_INTTYPES_H=1 -DHAVE_STDINT_H=1 -DHAVE_UNISTD_H=1 -DSIZEOF_LONG=8 -DHAVE_LDAP_H=1 -DHAVE_LIBLDAP=1 -DHAVE_LIBLDAP=1 -DHAVE_GETOPT=1 -DHAVE_READDIR_R=1'
DICT_SYSTEM_DIR=''
DIRECTXSDK_HOME=''
DIRECTXSDK_LIB=''
DISABLE_ACTIVEX=''
DISABLE_ATL=''
DISABLE_SAXON=''
DISABLE_STRIP=''
DMAKE='/usr/local/bin/dmake'
DMAKE_PATH='/usr/local/bin/dmake'
DMAKE_URL=''
DO_FETCH_TARBALLS='yes'
DPKG=''
ECHO_C='\c'
ECHO_N=''
ECHO_T=''
EGREP='/usr/bin/grep -E'
ENABLE_BEANSHELL='YES'
ENABLE_BUNDLED_DICTIONARIES='YES'
ENABLE_CAIRO=''
ENABLE_CAIRO_CANVAS='FALSE'
ENABLE_CATEGORY_B='YES'
ENABLE_COINMP='YES'
ENABLE_CRASHDUMP=''
ENABLE_CUPS=''
ENABLE_DBUS=''
ENABLE_DEBUG='FALSE'
ENABLE_DIRECTX=''
ENABLE_DIRECT_DRAW=''
ENABLE_EVOAB2=''
ENABLE_FONTCONFIG=''
ENABLE_GCONF=''
ENABLE_GIO=''
ENABLE_GNOMEVFS=''
ENABLE_GRAPHITE='FALSE'
ENABLE_GSTREAMER=''
ENABLE_GTK=''
ENABLE_HUNSPELL='YES'
ENABLE_HYPHEN='YES'
ENABLE_JAVASCRIPT='YES'
ENABLE_KAB=''
ENABLE_KDE4=''
ENABLE_KDE=''
ENABLE_LAYOUT='FALSE'
ENABLE_LOCKDOWN=''
ENABLE_MEDIAWIKI='YES'
ENABLE_MYSQLC='NO'
ENABLE_NSS_MODULE='YES'
ENABLE_ONLINE_UPDATE='YES'
ENABLE_OPENGL=''
ENABLE_PCH=''
ENABLE_PDFIMPORT='NO'
ENABLE_RANDR=''
ENABLE_REPORTBUILDER='NO'
ENABLE_RPATH='yes'
ENABLE_STATIC_GTK='FALSE'
ENABLE_SYMBOLS=''
ENABLE_SYSTRAY_GTK=''
ENABLE_WERROR='FALSE'
EPM='/usr/local/bin/epm'
EPM_URL=''
EXCEPTIONS=''
EXEEXT=''
FAKEROOT=''
FBSD_GCC_RPATH=''
FLEX='/usr/bin/flex'
FLUTE_JAR=''
FRAME_HOME=''
FREETYPE_CFLAGS=''
FREETYPE_LIBS=''
GCCVER='40201'
GCC_HOME='/usr'
GCONF_CFLAGS=''
GCONF_LIBS=''
GIO_CFLAGS=''
GIO_LIBS=''
GNOMEVFS_CFLAGS=''
GNOMEVFS_LIBS=''
GNUCP=''
GNUMAKE='make'
GNUPATCH='/usr/local/bin/patch'
GNUTAR='gtar'
GOBJECT_CFLAGS=''
GOBJECT_LIBS=''
GPERF='/usr/bin/gperf'
GRAPHITE_CFLAGS=''
GRAPHITE_LIBS=''
GREP='/usr/bin/grep'
GSTREAMER_CFLAGS=''
GSTREAMER_LIBS=''
GTHREAD_CFLAGS=''
GTHREAD_LIBS=''
GTK_2_10_CFLAGS=''
GTK_2_10_LIBS=''
GTK_CFLAGS=''
GTK_LIBS=''
GXX_INCLUDE_PATH='/usr/include/c++/4.2.1'
HAVE_ATLTHUNK=''
HAVE_GCC_VISIBILITY_FEATURE='TRUE'
HAVE_GETOPT='YES'
HAVE_LD_BSYMBOLIC_FUNCTIONS=''
HAVE_LD_HASH_STYLE='FALSE'
HAVE_READDIR_R='YES'
HOME='/Users/jim'
HSQLDB_JAR=''
HUNSPELL_CFLAGS=''
HUNSPELL_LIBS=''
HYPHEN_LIB=''
HYPH_SYSTEM_DIR=''
ICUCONFIG=''
ICU_MAJOR=''
ICU_MICRO=''
ICU_MINOR=''
INTRO_BITMAPS=''
IS_SYSTEM_DMAKE=''
JAVAAOTCOMPILER=''
JAVACISGCJ=''
JAVACOMPILER='/Library/Java/JavaVirtualMachines/jdk1.7.0_80.jdk/Contents/Home/bin/javac'
JAVADOC='/Library/Java/JavaVirtualMachines/jdk1.7.0_80.jdk/Contents/Home/bin/javadoc'
JAVAFLAGS='-source 1.5 -target 1.5'
JAVAIFLAGS=''
JAVAINTERPRETER='/Library/Java/JavaVirtualMachines/jdk1.7.0_80.jdk/Contents/Home/bin/java'
JAVA_HOME='/Library/Java/JavaVirtualMachines/jdk1.7.0_80.jdk/Contents/Home'
JDK='sun'
JFREEREPORT_JAR=''
KDE4_CFLAGS=''
KDE4_LIBS=''
KDE_CFLAGS=''
KDE_LIBS=''
LDFLAGS=''
LFS_CFLAGS='-D_FILE_OFFSET_BITS=no'
LIBBASE_JAR=''
LIBFONTS_JAR=''
LIBFORMULA_JAR=''
LIBINTL_PREFIX=''
LIBLAYOUT_JAR=''
LIBLOADER_JAR=''
LIBMYSQL_PATH=''
LIBOBJS=''
LIBREPOSITORY_JAR=''
LIBS='-lldap -lldap '
LIBSERIALIZER_JAR=''
LIBXML_CFLAGS='-I/usr/local/include/libxml2'
LIBXML_JAR=''
LIBXML_LIBS='-L/usr/local/lib -lxml2 -lz -lpthread -lm'
LIBXSLT_CFLAGS='-I/usr/local/include -I/usr/local/include/libxml2'
LIBXSLT_LIBS='-L/usr/local/lib -lxslt -lxml2'
LOCAL_SOLENV='DEFAULT'
LOCAL_SOLVER='DEFAULT'
LTLIBOBJS=''
LUCENE_ANALYZERS_JAR=''
LUCENE_CORE_JAR=''
MACOSX_DEPLOYMENT_TARGET='10.7'
MACOSX_SDK_PATH='/Applications/Xcode7.app/Contents/Developer/Platforms/MacOSX.platform/Developer/SDKs/MacOSX10.11.sdk'
MFC_INCLUDE=''
MFC_LIB=''
MIDL_PATH=''
MINGWCXX=''
MINGWSTRIP=''
MINGW_BACKWARD_INCLUDE_PATH=''
MINGW_CLIB_DIR=''
MINGW_GCCDLL=''
MINGW_GCCLIB_EH=''
MINGW_GXXDLL=''
MINGW_LIB_INCLUDE_PATH=''
MINGW_SHARED_GCCLIB=''
MINGW_SHARED_GXXLIB=''
MINGW_SHARED_LIBSTDCPP=''
ML_EXE=''
MOC4='moc'
MOC='moc'
MOCQT4=''
MOZILLABUILD=''
MOZ_INC=''
MSPDB_PATH=''
MYSQLCONFIG=''
MYSQL_DEFINES=''
MYSQL_INC=''
MYSQL_LIB=''
MYTHES_CFLAGS=''
MYTHES_LIBS=''
NASM_EXE=''
NASM_HOME='NO_NASM_HOME'
NEW_SHADOW_API=''
NSIS_PATH=''
NSS_CFLAGS=''
NSS_LIBS=''
OBJEXT='o'
OOO_JUNIT_JAR='/usr/local/share/java/junit.jar'
OOO_VENDOR=''
OPENSSL_CFLAGS=''
OPENSSL_LIBS='-lssl -lcrypto'
OSVERSION=''
PACKAGE_BUGREPORT=''
PACKAGE_NAME=''
PACKAGE_STRING=''
PACKAGE_TARNAME=''
PACKAGE_URL=''
PACKAGE_VERSION=''
PAM=''
PAM_LINK=''
PATCH='/usr/local/bin/patch'
PATH_SEPARATOR=':'
PERL='/Users/jim/bin/perl'
PKGFORMAT='dmg'
PKGMK=''
PKG_CONFIG='/usr/local/bin/pkg-config'
PKG_CONFIG_LIBDIR=''
PKG_CONFIG_PATH=''
POPPLER_CFLAGS=''
POPPLER_LIBS=''
PRODUCT='full'
PROEXT='.pro'
PROFULLSWITCH='product=full'
PSDK_HOME=''
PTHREAD_CFLAGS=''
PTHREAD_LIBS=''
PYTHON=''
PYTHON_CFLAGS='-I/Applications/Xcode7.app/Contents/Developer/Platforms/MacOSX.platform/Developer/SDKs/MacOSX10.11.sdk/usr/include/python2.7'
PYTHON_EXEC_PREFIX=''
PYTHON_LIBS='-framework Python'
PYTHON_PLATFORM=''
PYTHON_PREFIX=''
PYTHON_VERSION=''
RAT_JAR_HOME=''
REDLAND_CFLAGS=''
REDLAND_LIBS=''
RPM=''
SAC_JAR=''
SAXON_JAR=''
SCPDEFS=' -DENABLE_ONLINE_UPDATE -DWITH_CATB_FONTS -DWITH_CATA_FONTS'
SED='/usr/bin/sed'
SERF_CFLAGS=''
SERF_LIBS=''
SERIALIZER_JAR=''
SERVLETAPI_JAR=''
SHELL='/bin/sh'
SHELLPATH='/usr/local/bin'
SIZEOF_LONG='8'
SOLAR_JAVA='TRUE'
SOURCEVERSION='AOO4110'
SYSTEM_APACHE_COMMONS='NO'
SYSTEM_APR='NO'
SYSTEM_APR_UTIL='NO'
SYSTEM_BOOST='NO'
SYSTEM_BSH='NO'
SYSTEM_CAIRO=''
SYSTEM_COINMP='NO'
SYSTEM_CPPUNIT='NO'
SYSTEM_CURL='YES'
SYSTEM_DICTS='NO'
SYSTEM_EXPAT='NO'
SYSTEM_GDKPIXBUF='YES'
SYSTEM_GENBRK=''
SYSTEM_GENCCODE=''
SYSTEM_GENCMN=''
SYSTEM_GETTEXT='YES'
SYSTEM_GLIB='YES'
SYSTEM_GRAPHITE=''
SYSTEM_HSQLDB='NO'
SYSTEM_HUNSPELL='NO'
SYSTEM_HYPH='NO'
SYSTEM_ICU='NO'
SYSTEM_JFREEREPORT=''
SYSTEM_JPEG='NO'
SYSTEM_LIBC='YES'
SYSTEM_LIBJPEG='NO'
SYSTEM_LIBPNG='NO'
SYSTEM_LIBTEXTCAT='NO'
SYSTEM_LIBTEXTCAT_DATA=''
SYSTEM_LIBXML='YES'
SYSTEM_LIBXSLT='YES'
SYSTEM_LUCENE='NO'
SYSTEM_MDDS='NO'
SYSTEM_MYSQL=''
SYSTEM_MYSQL_CPPCONN=''
SYSTEM_MYTHES='NO'
SYSTEM_NSS='NO'
SYSTEM_ODBC_HEADERS='NO'
SYSTEM_OPENSSL='YES'
SYSTEM_PANGO='YES'
SYSTEM_POPPLER=''
SYSTEM_PYTHON='YES'
SYSTEM_REDLAND='NO'
SYSTEM_SANE_HEADER='NO'
SYSTEM_SAXON='NO'
SYSTEM_SERF='NO'
SYSTEM_SERVLETAPI='NO'
SYSTEM_STDLIBS='NO'
SYSTEM_VIGRA='NO'
SYSTEM_XRENDER_HEADERS='NO'
SYSTEM_ZLIB='YES'
TARFILE_LOCATION='DEFAULT'
THES_SYSTEM_DIR=''
UNIXWRAPPERNAME=''
UNZIP='/usr/bin/unzip'
UPD='4110'
USE_CCACHE=''
USE_FT_EMBOLDEN=''
USE_MINGW=''
USE_PACKAGER=''
USE_SYSTEM_STL='YES'
USE_XINERAMA='YES'
VALGRIND_CFLAGS=''
VC_STANDARD=''
VERBOSE='TRUE'
WINDOWS_VISTA_PSDK=''
WITHOUT_AFMS=''
WITHOUT_PPDS=''
WITH_CATA_FONTS='YES'
WITH_CATB_FONTS='YES'
WITH_CPPUNIT=''
WITH_DICT=',ALL,'
WITH_FONTS='YES'
WITH_LANG='ast bg ca ca-XR ca-XV cs da de el en-GB en-US es eu fi fr gd gl he hi hu it ja km ko lt nb nl pl pt pt-BR ru sk sl sr sv ta th tr vi zh-CN zh-TW'
WITH_LDAP='YES'
WITH_MINGWIN='0'
WITH_OPENLDAP='YES'
WITH_POOR_HELP_LOCALIZATIONS=''
WITH_VC_REDIST=''
WORDS_BIGENDIAN='no'
XAU_LIBS=''
XINC='no_x_includes'
XINERAMA_LINK='dynamic'
XLIB='no_x_libraries'
XMKMF=''
XRANDR_CFLAGS=''
XRANDR_DLOPEN=''
XRANDR_LIBS=''
XRENDER_LINK='NO'
XSLTPROC='/usr/local/bin/xsltproc'
X_CFLAGS=''
X_EXTRA_LIBS=''
X_LIBS=''
X_PRE_LIBS=''
ZIP='/usr/bin/zip'
ZIP_HOME='/usr/bin'
_cc=''
_solenv='./solenv'
ac_ct_CC='/Applications/Xcode7.app/Contents/Developer/Toolchains/XcodeDefault.xctoolchain/usr/bin/clang -arch x86_64'
ac_ct_CXX=''
bindir='${exec_prefix}/bin'
build='x86_64-apple-darwin17.7.0'
build_alias=''
build_cpu='x86_64'
build_os='darwin17.7.0'
build_vendor='apple'
datadir='${datarootdir}'
datarootdir='${prefix}/share'
docdir='${datarootdir}/doc/${PACKAGE}'
dvidir='${docdir}'
exec_prefix='${prefix}'
host='x86_64-apple-darwin17.7.0'
host_alias=''
host_cpu='x86_64'
host_os='darwin17.7.0'
host_vendor='apple'
htmldir='${docdir}'
includedir='${prefix}/include'
infodir='${datarootdir}/info'
libdir='${exec_prefix}/lib'
libexecdir='${exec_prefix}/libexec'
localedir='${datarootdir}/locale'
localstatedir='${prefix}/var'
mandir='${datarootdir}/man'
nodep=''
oldincludedir='/usr/include'
pdfdir='${docdir}'
pkgpyexecdir=''
pkgpythondir=''
prefix='/usr/local'
program_transform_name='s,x,x,'
psdir='${docdir}'
pyexecdir=''
pythondir=''
sbindir='${exec_prefix}/sbin'
sharedstatedir='${prefix}/com'
sysconfdir='${prefix}/etc'
target='x86_64-apple-darwin17.7.0'
target_alias=''
target_cpu='x86_64'
target_os='darwin17.7.0'
target_vendor='apple'

## ----------- ##
## confdefs.h. ##
## ----------- ##

/* confdefs.h */
#define PACKAGE_NAME ""
#define PACKAGE_TARNAME ""
#define PACKAGE_VERSION ""
#define PACKAGE_STRING ""
#define PACKAGE_BUGREPORT ""
#define PACKAGE_URL ""
#define STDC_HEADERS 1
#define HAVE_SYS_TYPES_H 1
#define HAVE_SYS_STAT_H 1
#define HAVE_STDLIB_H 1
#define HAVE_STRING_H 1
#define HAVE_MEMORY_H 1
#define HAVE_STRINGS_H 1
#define HAVE_INTTYPES_H 1
#define HAVE_STDINT_H 1
#define HAVE_UNISTD_H 1
#define SIZEOF_LONG 8
#define HAVE_LDAP_H 1
#define HAVE_LIBLDAP 1
#define HAVE_LIBLDAP 1
#define HAVE_GETOPT 1
#define HAVE_READDIR_R 1

configure: exit 0
